C:\USERS\DESKTOP\DOCUMENTS\XUS\WORK\CODE\CATIA\DESIGNPROJECT\DESIGNPROJECT\RELEASE\MAIN.OBJ
C:\USERS\DESKTOP\DOCUMENTS\XUS\WORK\CODE\CATIA\DESIGNPROJECT\DESIGNPROJECT\RELEASE\VC110.PDB
C:\USERS\DESKTOP\DOCUMENTS\XUS\WORK\CODE\CATIA\DESIGNPROJECT\RELEASE\DESIGNPROJECT.EXE
C:\USERS\DESKTOP\DOCUMENTS\XUS\WORK\CODE\CATIA\DESIGNPROJECT\RELEASE\DESIGNPROJECT.PDB
C:\USERS\DESKTOP\DOCUMENTS\XUS\WORK\CODE\CATIA\DESIGNPROJECT\DESIGNPROJECT\RELEASE\DESIGNPROJECT.RES
C:\Users\DESKTOP\Documents\XUS\WORK\CODE\CATIA\DesignProject\DesignProject\Release\Main.obj
C:\Users\DESKTOP\Documents\XUS\WORK\CODE\CATIA\DesignProject\DesignProject\Release\cl.command.1.tlog
C:\Users\DESKTOP\Documents\XUS\WORK\CODE\CATIA\DesignProject\DesignProject\Release\CL.read.1.tlog
C:\Users\DESKTOP\Documents\XUS\WORK\CODE\CATIA\DesignProject\DesignProject\Release\CL.write.1.tlog
C:\Users\DESKTOP\Documents\XUS\WORK\CODE\CATIA\DesignProject\DesignProject\Release\link-cvtres.read.1.tlog
C:\Users\DESKTOP\Documents\XUS\WORK\CODE\CATIA\DesignProject\DesignProject\Release\link-cvtres.write.1.tlog
C:\Users\DESKTOP\Documents\XUS\WORK\CODE\CATIA\DesignProject\DesignProject\Release\link-mt.read.1.tlog
C:\Users\DESKTOP\Documents\XUS\WORK\CODE\CATIA\DesignProject\DesignProject\Release\link-mt.write.1.tlog
C:\Users\DESKTOP\Documents\XUS\WORK\CODE\CATIA\DesignProject\DesignProject\Release\link-rc.read.1.tlog
C:\Users\DESKTOP\Documents\XUS\WORK\CODE\CATIA\DesignProject\DesignProject\Release\link-rc.write.1.tlog
C:\Users\DESKTOP\Documents\XUS\WORK\CODE\CATIA\DesignProject\DesignProject\Release\link.command.1.tlog
C:\Users\DESKTOP\Documents\XUS\WORK\CODE\CATIA\DesignProject\DesignProject\Release\link.read.1.tlog
C:\Users\DESKTOP\Documents\XUS\WORK\CODE\CATIA\DesignProject\DesignProject\Release\link.write.1.tlog
C:\Users\DESKTOP\Documents\XUS\WORK\CODE\CATIA\DesignProject\DesignProject\Release\rc.command.1.tlog
C:\Users\DESKTOP\Documents\XUS\WORK\CODE\CATIA\DesignProject\DesignProject\Release\rc.read.1.tlog
C:\Users\DESKTOP\Documents\XUS\WORK\CODE\CATIA\DesignProject\DesignProject\Release\rc.write.1.tlog
C:\Users\DESKTOP\Documents\XUS\WORK\CODE\CATIA\DesignProject\DesignProject\Release\DesignProject.res
C:\Users\DESKTOP\Documents\XUS\WORK\CODE\CATIA\DesignProject\DesignProject\Release\vc110.pdb
C:\Users\DESKTOP\Documents\XUS\WORK\CODE\CATIA\DesignProject\Release\DesignProject.pdb
C:\Users\DESKTOP\Documents\XUS\WORK\CODE\CATIA\DesignProject\Release\DesignProject.exe
